Arguments: 
  /usr/local/bin/node /usr/local/bin/yarn add -D @types/extensionizer

PATH: 
  /usr/local/bin:/usr/bin:/bin:/usr/sbin:/sbin:/Library/Apple/usr/bin

Yarn version: 
  1.22.5

Node version: 
  14.15.1

Platform: 
  darwin x64

Trace: 
  Error: https://registry.yarnpkg.com/@types%2fextensionizer: Not found
      at Request.params.callback [as _callback] (/usr/local/lib/node_modules/yarn/lib/cli.js:66988:18)
      at Request.self.callback (/usr/local/lib/node_modules/yarn/lib/cli.js:140662:22)
      at Request.emit (events.js:315:20)
      at Request.<anonymous> (/usr/local/lib/node_modules/yarn/lib/cli.js:141634:10)
      at Request.emit (events.js:315:20)
      at IncomingMessage.<anonymous> (/usr/local/lib/node_modules/yarn/lib/cli.js:141556:12)
      at Object.onceWrapper (events.js:421:28)
      at IncomingMessage.emit (events.js:327:22)
      at endReadableNT (_stream_readable.js:1327:12)
      at processTicksAndRejections (internal/process/task_queues.js:80:21)

npm manifest: 
  {
    "name": "glch-wallet-extension",
    "version": "0.0.1",
    "description": "GLCH Wallet Base",
    "license": "MIT",
    "scripts": {
      "build": "node utils/build.js",
      "start": "node utils/webserver.js",
      "prettier": "prettier --write '**/*.{js,jsx,css,html}'"
    },
    "dependencies": {
      "@glitchdefi/common": "^0.0.2",
      "@glitchdefi/web3": "^0.0.3",
      "@hot-loader/react-dom": "^17.0.1",
      "@reduxjs/toolkit": "^1.6.1",
      "@types/chrome": "0.0.132",
      "@types/react": "^17.0.2",
      "@types/react-dom": "^17.0.1",
      "bip39": "^3.0.4",
      "bn.js": "^5.2.0",
      "extensionizer": "^1.0.1",
      "hdkey": "^2.0.1",
      "i18next": "^21.2.4",
      "i18next-browser-languagedetector": "^6.1.2",
      "loglevel": "^1.7.1",
      "react": "^17.0.1",
      "react-dom": "^17.0.1",
      "react-hot-loader": "^4.13.0",
      "react-i18next": "^11.12.0",
      "react-redux": "^7.2.4",
      "react-router-dom": "^5.2.0",
      "react-tooltip": "^4.2.21",
      "redux-injectors": "^1.3.0",
      "redux-saga": "^1.1.3",
      "styled-components": "^5.3.1",
      "styled-system": "^5.1.5",
      "web3": "^1.6.0",
      "web3-utils": "^1.6.0"
    },
    "devDependencies": {
      "@babel/core": "^7.12.17",
      "@babel/plugin-proposal-class-properties": "^7.12.13",
      "@babel/preset-env": "^7.12.17",
      "@babel/preset-react": "^7.12.13",
      "@types/react-router": "^5.1.16",
      "@types/react-router-dom": "^5.3.1",
      "@types/styled-components": "^5.1.14",
      "@types/styled-system": "^5.1.13",
      "babel-eslint": "^10.1.0",
      "babel-loader": "^8.2.2",
      "babel-preset-react-app": "^10.0.0",
      "clean-webpack-plugin": "^3.0.0",
      "copy-webpack-plugin": "^7.0.0",
      "css-loader": "^5.0.2",
      "eslint": "^7.20.0",
      "eslint-config-react-app": "^6.0.0",
      "eslint-plugin-flowtype": "^5.2.2",
      "eslint-plugin-import": "^2.22.1",
      "eslint-plugin-jsx-a11y": "^6.4.1",
      "eslint-plugin-react": "^7.22.0",
      "eslint-plugin-react-hooks": "^4.2.0",
      "file-loader": "^6.2.0",
      "fs-extra": "^9.1.0",
      "html-loader": "^2.1.0",
      "html-webpack-plugin": "^5.2.0",
      "node-sass": "^4.14.1",
      "prettier": "^2.2.1",
      "sass-loader": "^11.0.1",
      "source-map-loader": "^2.0.1",
      "style-loader": "^2.0.0",
      "terser-webpack-plugin": "^5.1.1",
      "ts-loader": "^8.0.17",
      "typescript": "^4.1.5",
      "webpack": "^5.23.0",
      "webpack-cli": "^4.5.0",
      "webpack-dev-server": "^3.11.2"
    }
  }

yarn manifest: 
  No manifest

Lockfile: 
  No lockfile
